[2018-08-24 18:09:19.104] [ERROR] Query - TypeError: First argument must be a string, Buffer, ArrayBuffer, Array, or array-like object.
    at Function.Buffer.from (buffer.js:183:11)
    at Function.sendTransactionProposal (/home/puweiwang/SCASverify/node_modules/fabric-client/lib/Channel.js:1490:21)
    at Channel.sendTransactionProposal (/home/puweiwang/SCASverify/node_modules/fabric-client/lib/Channel.js:1459:18)
    at Channel.queryByChaincode (/home/puweiwang/SCASverify/node_modules/fabric-client/lib/Channel.js:1738:15)
    at Object.queryChaincode (/home/puweiwang/SCASverify/app/query.js:42:41)
    at <anonymous>
[2018-08-24 18:09:19.105] [ERROR] Service - TypeError: First argument must be a string, Buffer, ArrayBuffer, Array, or array-like object.
[2018-08-24 18:09:20.739] [ERROR] Query - TypeError: First argument must be a string, Buffer, ArrayBuffer, Array, or array-like object.
    at Function.Buffer.from (buffer.js:183:11)
    at Function.sendTransactionProposal (/home/puweiwang/SCASverify/node_modules/fabric-client/lib/Channel.js:1490:21)
    at Channel.sendTransactionProposal (/home/puweiwang/SCASverify/node_modules/fabric-client/lib/Channel.js:1459:18)
    at Channel.queryByChaincode (/home/puweiwang/SCASverify/node_modules/fabric-client/lib/Channel.js:1738:15)
    at Object.queryChaincode (/home/puweiwang/SCASverify/app/query.js:42:41)
    at <anonymous>
[2018-08-24 18:09:20.739] [ERROR] Service - TypeError: First argument must be a string, Buffer, ArrayBuffer, Array, or array-like object.
[2018-08-24 18:09:33.146] [ERROR] Query - TypeError: First argument must be a string, Buffer, ArrayBuffer, Array, or array-like object.
    at Function.Buffer.from (buffer.js:183:11)
    at Function.sendTransactionProposal (/home/puweiwang/SCASverify/node_modules/fabric-client/lib/Channel.js:1490:21)
    at Channel.sendTransactionProposal (/home/puweiwang/SCASverify/node_modules/fabric-client/lib/Channel.js:1459:18)
    at Channel.queryByChaincode (/home/puweiwang/SCASverify/node_modules/fabric-client/lib/Channel.js:1738:15)
    at Object.queryChaincode (/home/puweiwang/SCASverify/app/query.js:42:41)
    at <anonymous>
[2018-08-24 18:09:33.146] [ERROR] Service - TypeError: First argument must be a string, Buffer, ArrayBuffer, Array, or array-like object.
[2018-08-24 18:09:36.230] [ERROR] Query - TypeError: First argument must be a string, Buffer, ArrayBuffer, Array, or array-like object.
    at Function.Buffer.from (buffer.js:183:11)
    at Function.sendTransactionProposal (/home/puweiwang/SCASverify/node_modules/fabric-client/lib/Channel.js:1490:21)
    at Channel.sendTransactionProposal (/home/puweiwang/SCASverify/node_modules/fabric-client/lib/Channel.js:1459:18)
    at Channel.queryByChaincode (/home/puweiwang/SCASverify/node_modules/fabric-client/lib/Channel.js:1738:15)
    at Object.queryChaincode (/home/puweiwang/SCASverify/app/query.js:42:41)
    at <anonymous>
[2018-08-24 18:09:36.230] [ERROR] Service - TypeError: First argument must be a string, Buffer, ArrayBuffer, Array, or array-like object.
