[2018-08-27 19:59:11.067] [ERROR] Service - no agreement for the task 1949510186360636416
[2018-08-27 19:59:15.647] [ERROR] Service - no agreement for the task 1949510186360636416
[2018-08-27 19:59:16.746] [ERROR] Service - no agreement for the task 1949510186360636416
[2018-08-27 19:59:16.770] [ERROR] Service - no agreement for the task 1949510186360636416
[2018-08-27 19:59:18.216] [ERROR] Service - no agreement for the task 1949510186360636416
[2018-08-27 19:59:18.226] [ERROR] Service - no agreement for the task 1949510186360636416
[2018-08-27 19:59:18.230] [ERROR] Service - no agreement for the task 1949510186360636416
[2018-08-27 19:59:18.234] [ERROR] Service - no agreement for the task 1949510186360636416
[2018-08-27 19:59:18.589] [ERROR] Service - no agreement for the task 1949510186360636416
[2018-08-27 19:59:18.855] [ERROR] Service - no agreement for the task 1949510186360636416
[2018-08-27 19:59:19.107] [ERROR] Service - no agreement for the task 1949510186360636416
[2018-08-27 19:59:19.717] [ERROR] Service - no agreement for the task 1949510186360636416
[2018-08-27 19:59:19.719] [ERROR] Service - no agreement for the task 1949510186360636416
[2018-08-27 19:59:19.835] [ERROR] Service - no agreement for the task 1949510186360636416
[2018-08-27 19:59:19.836] [ERROR] Service - no agreement for the task 1949510186360636416
[2018-08-27 19:59:19.844] [ERROR] Service - no agreement for the task 1949510186360636416
[2018-08-27 19:59:19.959] [ERROR] Service - no agreement for the task 1949510186360636416
[2018-08-27 19:59:20.116] [ERROR] Service - no agreement for the task 1949510186360636416
[2018-08-27 19:59:20.126] [ERROR] Service - no agreement for the task 1949510186360636416
[2018-08-27 19:59:20.127] [ERROR] Service - no agreement for the task 1949510186360636416
[2018-08-27 19:59:20.293] [ERROR] Service - no agreement for the task 1949510186360636416
[2018-08-27 19:59:20.427] [ERROR] Service - no agreement for the task 1949510186360636416
[2018-08-27 19:59:20.428] [ERROR] Service - no agreement for the task 1949510186360636416
[2018-08-27 19:59:20.429] [ERROR] Service - no agreement for the task 1949510186360636416
[2018-08-27 19:59:20.430] [ERROR] Service - no agreement for the task 1949510186360636416
[2018-08-27 19:59:20.432] [ERROR] Service - no agreement for the task 1949510186360636416
[2018-08-27 19:59:20.541] [ERROR] Service - no agreement for the task 1949510186360636416
[2018-08-27 19:59:20.714] [ERROR] Service - no agreement for the task 1949510186360636416
[2018-08-27 19:59:20.717] [ERROR] Service - no agreement for the task 1949510186360636416
[2018-08-27 19:59:20.845] [ERROR] Service - no agreement for the task 1949510186360636416
[2018-08-27 19:59:21.010] [ERROR] Service - no agreement for the task 1949510186360636416
[2018-08-27 19:59:21.018] [ERROR] Service - no agreement for the task 1949510186360636416
[2018-08-27 19:59:21.019] [ERROR] Service - no agreement for the task 1949510186360636416
[2018-08-27 19:59:21.020] [ERROR] Service - no agreement for the task 1949510186360636416
[2018-08-27 19:59:21.143] [ERROR] Service - no agreement for the task 1949510186360636416
[2018-08-27 19:59:21.144] [ERROR] Service - no agreement for the task 1949510186360636416
[2018-08-27 19:59:21.149] [ERROR] Service - no agreement for the task 1949510186360636416
[2018-08-27 19:59:21.171] [ERROR] Service - no agreement for the task 1949510186360636416
[2018-08-27 19:59:21.172] [ERROR] Service - no agreement for the task 1949510186360636416
[2018-08-27 19:59:21.173] [ERROR] Service - no agreement for the task 1949510186360636416
[2018-08-27 19:59:21.176] [ERROR] Service - no agreement for the task 1949510186360636416
[2018-08-27 19:59:21.176] [ERROR] Service - no agreement for the task 1949510186360636416
[2018-08-27 19:59:21.177] [ERROR] Service - no agreement for the task 1949510186360636416
[2018-08-27 19:59:21.187] [ERROR] Service - no agreement for the task 1949510186360636416
[2018-08-27 19:59:21.188] [ERROR] Service - no agreement for the task 1949510186360636416
[2018-08-27 19:59:21.201] [ERROR] Service - no agreement for the task 1949510186360636416
[2018-08-27 19:59:21.201] [ERROR] Service - no agreement for the task 1949510186360636416
[2018-08-27 19:59:21.202] [ERROR] Service - no agreement for the task 1949510186360636416
[2018-08-27 19:59:21.213] [ERROR] Service - no agreement for the task 1949510186360636416
[2018-08-27 19:59:21.214] [ERROR] Service - no agreement for the task 1949510186360636416
[2018-08-27 19:59:21.214] [ERROR] Service - no agreement for the task 1949510186360636416
[2018-08-27 19:59:21.215] [ERROR] Service - no agreement for the task 1949510186360636416
[2018-08-27 19:59:21.216] [ERROR] Service - no agreement for the task 1949510186360636416
[2018-08-27 19:59:21.220] [ERROR] Service - no agreement for the task 1949510186360636416
[2018-08-27 19:59:21.220] [ERROR] Service - no agreement for the task 1949510186360636416
[2018-08-27 19:59:21.221] [ERROR] Service - no agreement for the task 1949510186360636416
[2018-08-27 19:59:21.222] [ERROR] Service - no agreement for the task 1949510186360636416
[2018-08-27 19:59:21.222] [ERROR] Service - no agreement for the task 1949510186360636416
[2018-08-27 19:59:21.223] [ERROR] Service - no agreement for the task 1949510186360636416
[2018-08-27 19:59:21.224] [ERROR] Service - no agreement for the task 1949510186360636416
[2018-08-27 19:59:35.762] [ERROR] Service - no agreement for the task 1949510186360636416
[2018-08-27 19:59:40.534] [ERROR] Service - no agreement for the task 1949510186360636416
[2018-08-27 19:59:41.682] [ERROR] Service - no agreement for the task 1949510186360636416
[2018-08-27 19:59:41.717] [ERROR] Service - no agreement for the task 1949510186360636416
[2018-08-27 19:59:43.260] [ERROR] Service - no agreement for the task 1949510186360636416
[2018-08-27 19:59:43.350] [ERROR] Service - no agreement for the task 1949510186360636416
[2018-08-27 19:59:43.352] [ERROR] Service - no agreement for the task 1949510186360636416
[2018-08-27 19:59:43.353] [ERROR] Service - no agreement for the task 1949510186360636416
[2018-08-27 19:59:43.545] [ERROR] Service - no agreement for the task 1949510186360636416
[2018-08-27 19:59:43.783] [ERROR] Service - no agreement for the task 1949510186360636416
[2018-08-27 19:59:44.096] [ERROR] Service - no agreement for the task 1949510186360636416
[2018-08-27 19:59:44.805] [ERROR] Service - no agreement for the task 1949510186360636416
[2018-08-27 19:59:44.816] [ERROR] Service - no agreement for the task 1949510186360636416
[2018-08-27 19:59:44.965] [ERROR] Service - no agreement for the task 1949510186360636416
[2018-08-27 19:59:44.967] [ERROR] Service - no agreement for the task 1949510186360636416
[2018-08-27 19:59:44.980] [ERROR] Service - no agreement for the task 1949510186360636416
[2018-08-27 19:59:45.018] [ERROR] Service - no agreement for the task 1949510186360636416
[2018-08-27 19:59:45.226] [ERROR] Service - no agreement for the task 1949510186360636416
[2018-08-27 19:59:45.229] [ERROR] Service - no agreement for the task 1949510186360636416
[2018-08-27 19:59:45.231] [ERROR] Service - no agreement for the task 1949510186360636416
[2018-08-27 19:59:45.385] [ERROR] Service - no agreement for the task 1949510186360636416
[2018-08-27 19:59:45.546] [ERROR] Service - no agreement for the task 1949510186360636416
[2018-08-27 19:59:45.571] [ERROR] Service - no agreement for the task 1949510186360636416
[2018-08-27 19:59:45.588] [ERROR] Service - no agreement for the task 1949510186360636416
[2018-08-27 19:59:45.640] [ERROR] Service - no agreement for the task 1949510186360636416
[2018-08-27 19:59:45.641] [ERROR] Service - no agreement for the task 1949510186360636416
[2018-08-27 19:59:45.653] [ERROR] Service - no agreement for the task 1949510186360636416
[2018-08-27 19:59:45.840] [ERROR] Service - no agreement for the task 1949510186360636416
[2018-08-27 19:59:45.865] [ERROR] Service - no agreement for the task 1949510186360636416
[2018-08-27 19:59:45.963] [ERROR] Service - no agreement for the task 1949510186360636416
[2018-08-27 19:59:46.319] [ERROR] Service - no agreement for the task 1949510186360636416
[2018-08-27 19:59:46.344] [ERROR] Service - no agreement for the task 1949510186360636416
[2018-08-27 19:59:46.347] [ERROR] Service - no agreement for the task 1949510186360636416
[2018-08-27 19:59:46.351] [ERROR] Service - no agreement for the task 1949510186360636416
[2018-08-27 19:59:46.457] [ERROR] Service - no agreement for the task 1949510186360636416
[2018-08-27 19:59:46.565] [ERROR] Service - no agreement for the task 1949510186360636416
[2018-08-27 19:59:46.700] [ERROR] Service - no agreement for the task 1949510186360636416
[2018-08-27 19:59:46.854] [ERROR] Service - no agreement for the task 1949510186360636416
[2018-08-27 19:59:46.936] [ERROR] Service - no agreement for the task 1949510186360636416
[2018-08-27 19:59:47.017] [ERROR] Service - no agreement for the task 1949510186360636416
[2018-08-27 19:59:47.063] [ERROR] Service - no agreement for the task 1949510186360636416
[2018-08-27 19:59:47.203] [ERROR] Service - no agreement for the task 1949510186360636416
[2018-08-27 19:59:47.214] [ERROR] Service - no agreement for the task 1949510186360636416
[2018-08-27 19:59:47.261] [ERROR] Service - no agreement for the task 1949510186360636416
[2018-08-27 19:59:47.273] [ERROR] Service - no agreement for the task 1949510186360636416
[2018-08-27 19:59:47.275] [ERROR] Service - no agreement for the task 1949510186360636416
[2018-08-27 19:59:47.277] [ERROR] Service - no agreement for the task 1949510186360636416
[2018-08-27 19:59:47.334] [ERROR] Service - no agreement for the task 1949510186360636416
[2018-08-27 19:59:47.335] [ERROR] Service - no agreement for the task 1949510186360636416
[2018-08-27 19:59:47.336] [ERROR] Service - no agreement for the task 1949510186360636416
[2018-08-27 19:59:47.336] [ERROR] Service - no agreement for the task 1949510186360636416
[2018-08-27 19:59:47.341] [ERROR] Service - no agreement for the task 1949510186360636416
[2018-08-27 19:59:47.343] [ERROR] Service - no agreement for the task 1949510186360636416
[2018-08-27 19:59:47.344] [ERROR] Service - no agreement for the task 1949510186360636416
[2018-08-27 19:59:47.345] [ERROR] Service - no agreement for the task 1949510186360636416
[2018-08-27 19:59:47.346] [ERROR] Service - no agreement for the task 1949510186360636416
[2018-08-27 19:59:47.352] [ERROR] Service - no agreement for the task 1949510186360636416
[2018-08-27 19:59:47.353] [ERROR] Service - no agreement for the task 1949510186360636416
[2018-08-27 19:59:47.358] [ERROR] Service - no agreement for the task 1949510186360636416
[2018-08-27 19:59:47.359] [ERROR] Service - no agreement for the task 1949510186360636416
[2018-08-27 20:00:01.399] [ERROR] Service - no agreement for the task 1949510186360636416
[2018-08-27 20:00:06.067] [ERROR] Service - no agreement for the task 1949510186360636416
[2018-08-27 20:00:07.193] [ERROR] Service - no agreement for the task 1949510186360636416
[2018-08-27 20:00:07.223] [ERROR] Service - no agreement for the task 1949510186360636416
[2018-08-27 20:00:08.716] [ERROR] Service - no agreement for the task 1949510186360636416
[2018-08-27 20:00:08.809] [ERROR] Service - no agreement for the task 1949510186360636416
[2018-08-27 20:00:08.832] [ERROR] Service - no agreement for the task 1949510186360636416
[2018-08-27 20:00:08.843] [ERROR] Service - no agreement for the task 1949510186360636416
[2018-08-27 20:00:08.964] [ERROR] Service - no agreement for the task 1949510186360636416
[2018-08-27 20:00:09.178] [ERROR] Service - no agreement for the task 1949510186360636416
[2018-08-27 20:00:09.442] [ERROR] Service - no agreement for the task 1949510186360636416
[2018-08-27 20:00:10.157] [ERROR] Service - no agreement for the task 1949510186360636416
[2018-08-27 20:00:10.168] [ERROR] Service - no agreement for the task 1949510186360636416
[2018-08-27 20:00:10.322] [ERROR] Service - no agreement for the task 1949510186360636416
[2018-08-27 20:00:10.344] [ERROR] Service - no agreement for the task 1949510186360636416
[2018-08-27 20:00:10.345] [ERROR] Service - no agreement for the task 1949510186360636416
[2018-08-27 20:00:10.361] [ERROR] Service - no agreement for the task 1949510186360636416
[2018-08-27 20:00:10.606] [ERROR] Service - no agreement for the task 1949510186360636416
[2018-08-27 20:00:10.620] [ERROR] Service - no agreement for the task 1949510186360636416
[2018-08-27 20:00:10.626] [ERROR] Service - no agreement for the task 1949510186360636416
[2018-08-27 20:00:10.718] [ERROR] Service - no agreement for the task 1949510186360636416
[2018-08-27 20:00:10.905] [ERROR] Service - no agreement for the task 1949510186360636416
[2018-08-27 20:00:10.955] [ERROR] Service - no agreement for the task 1949510186360636416
[2018-08-27 20:00:10.980] [ERROR] Service - no agreement for the task 1949510186360636416
[2018-08-27 20:00:11.041] [ERROR] Service - no agreement for the task 1949510186360636416
[2018-08-27 20:00:11.045] [ERROR] Service - no agreement for the task 1949510186360636416
[2018-08-27 20:00:11.063] [ERROR] Service - no agreement for the task 1949510186360636416
[2018-08-27 20:00:11.182] [ERROR] Service - no agreement for the task 1949510186360636416
[2018-08-27 20:00:11.219] [ERROR] Service - no agreement for the task 1949510186360636416
[2018-08-27 20:00:11.308] [ERROR] Service - no agreement for the task 1949510186360636416
[2018-08-27 20:00:11.695] [ERROR] Service - no agreement for the task 1949510186360636416
[2018-08-27 20:00:11.752] [ERROR] Service - no agreement for the task 1949510186360636416
[2018-08-27 20:00:11.755] [ERROR] Service - no agreement for the task 1949510186360636416
[2018-08-27 20:00:11.760] [ERROR] Service - no agreement for the task 1949510186360636416
[2018-08-27 20:00:11.795] [ERROR] Service - no agreement for the task 1949510186360636416
[2018-08-27 20:00:11.879] [ERROR] Service - no agreement for the task 1949510186360636416
[2018-08-27 20:00:11.999] [ERROR] Service - no agreement for the task 1949510186360636416
[2018-08-27 20:00:12.149] [ERROR] Service - no agreement for the task 1949510186360636416
[2018-08-27 20:00:12.232] [ERROR] Service - no agreement for the task 1949510186360636416
[2018-08-27 20:00:12.293] [ERROR] Service - no agreement for the task 1949510186360636416
[2018-08-27 20:00:12.358] [ERROR] Service - no agreement for the task 1949510186360636416
[2018-08-27 20:00:12.531] [ERROR] Service - no agreement for the task 1949510186360636416
[2018-08-27 20:00:12.550] [ERROR] Service - no agreement for the task 1949510186360636416
[2018-08-27 20:00:12.622] [ERROR] Service - no agreement for the task 1949510186360636416
[2018-08-27 20:00:12.673] [ERROR] Service - no agreement for the task 1949510186360636416
[2018-08-27 20:00:12.680] [ERROR] Service - no agreement for the task 1949510186360636416
[2018-08-27 20:00:12.681] [ERROR] Service - no agreement for the task 1949510186360636416
[2018-08-27 20:00:12.775] [ERROR] Service - no agreement for the task 1949510186360636416
[2018-08-27 20:00:12.804] [ERROR] Service - no agreement for the task 1949510186360636416
[2018-08-27 20:00:12.808] [ERROR] Service - no agreement for the task 1949510186360636416
[2018-08-27 20:00:12.825] [ERROR] Service - no agreement for the task 1949510186360636416
[2018-08-27 20:00:12.844] [ERROR] Service - no agreement for the task 1949510186360636416
[2018-08-27 20:00:12.921] [ERROR] Service - no agreement for the task 1949510186360636416
[2018-08-27 20:00:12.922] [ERROR] Service - no agreement for the task 1949510186360636416
[2018-08-27 20:00:12.927] [ERROR] Service - no agreement for the task 1949510186360636416
[2018-08-27 20:00:12.928] [ERROR] Service - no agreement for the task 1949510186360636416
[2018-08-27 20:00:12.929] [ERROR] Service - no agreement for the task 1949510186360636416
[2018-08-27 20:00:12.930] [ERROR] Service - no agreement for the task 1949510186360636416
[2018-08-27 20:00:12.932] [ERROR] Service - no agreement for the task 1949510186360636416
[2018-08-27 20:00:12.932] [ERROR] Service - no agreement for the task 1949510186360636416
[2018-08-27 20:00:26.675] [ERROR] Service - no agreement for the task 1949510186360636416
[2018-08-27 20:00:31.484] [ERROR] Service - no agreement for the task 1949510186360636416
[2018-08-27 20:00:32.704] [ERROR] Service - no agreement for the task 1949510186360636416
[2018-08-27 20:00:32.731] [ERROR] Service - no agreement for the task 1949510186360636416
[2018-08-27 20:00:34.556] [ERROR] Service - no agreement for the task 1949510186360636416
[2018-08-27 20:00:34.661] [ERROR] Service - no agreement for the task 1949510186360636416
[2018-08-27 20:00:34.707] [ERROR] Service - no agreement for the task 1949510186360636416
[2018-08-27 20:00:34.708] [ERROR] Service - no agreement for the task 1949510186360636416
[2018-08-27 20:00:34.807] [ERROR] Service - no agreement for the task 1949510186360636416
[2018-08-27 20:00:35.032] [ERROR] Service - no agreement for the task 1949510186360636416
[2018-08-27 20:00:35.251] [ERROR] Service - no agreement for the task 1949510186360636416
[2018-08-27 20:00:35.946] [ERROR] Service - no agreement for the task 1949510186360636416
[2018-08-27 20:00:35.947] [ERROR] Service - no agreement for the task 1949510186360636416
[2018-08-27 20:00:36.049] [ERROR] Service - no agreement for the task 1949510186360636416
[2018-08-27 20:00:36.054] [ERROR] Service - no agreement for the task 1949510186360636416
[2018-08-27 20:00:36.055] [ERROR] Service - no agreement for the task 1949510186360636416
[2018-08-27 20:00:36.055] [ERROR] Service - no agreement for the task 1949510186360636416
[2018-08-27 20:00:36.393] [ERROR] Service - no agreement for the task 1949510186360636416
[2018-08-27 20:00:36.404] [ERROR] Service - no agreement for the task 1949510186360636416
[2018-08-27 20:00:36.404] [ERROR] Service - no agreement for the task 1949510186360636416
[2018-08-27 20:00:36.444] [ERROR] Service - no agreement for the task 1949510186360636416
[2018-08-27 20:00:36.555] [ERROR] Service - no agreement for the task 1949510186360636416
[2018-08-27 20:00:36.637] [ERROR] Service - no agreement for the task 1949510186360636416
[2018-08-27 20:00:36.637] [ERROR] Service - no agreement for the task 1949510186360636416
[2018-08-27 20:00:36.689] [ERROR] Service - no agreement for the task 1949510186360636416
[2018-08-27 20:00:36.690] [ERROR] Service - no agreement for the task 1949510186360636416
[2018-08-27 20:00:36.691] [ERROR] Service - no agreement for the task 1949510186360636416
[2018-08-27 20:00:36.759] [ERROR] Service - no agreement for the task 1949510186360636416
[2018-08-27 20:00:36.782] [ERROR] Service - no agreement for the task 1949510186360636416
[2018-08-27 20:00:36.852] [ERROR] Service - no agreement for the task 1949510186360636416
[2018-08-27 20:00:37.126] [ERROR] Service - no agreement for the task 1949510186360636416
[2018-08-27 20:00:37.181] [ERROR] Service - no agreement for the task 1949510186360636416
[2018-08-27 20:00:37.182] [ERROR] Service - no agreement for the task 1949510186360636416
[2018-08-27 20:00:37.183] [ERROR] Service - no agreement for the task 1949510186360636416
[2018-08-27 20:00:37.183] [ERROR] Service - no agreement for the task 1949510186360636416
[2018-08-27 20:00:37.221] [ERROR] Service - no agreement for the task 1949510186360636416
[2018-08-27 20:00:37.266] [ERROR] Service - no agreement for the task 1949510186360636416
[2018-08-27 20:00:37.334] [ERROR] Service - no agreement for the task 1949510186360636416
[2018-08-27 20:00:37.402] [ERROR] Service - no agreement for the task 1949510186360636416
[2018-08-27 20:00:37.403] [ERROR] Service - no agreement for the task 1949510186360636416
[2018-08-27 20:00:37.418] [ERROR] Service - no agreement for the task 1949510186360636416
[2018-08-27 20:00:37.548] [ERROR] Service - no agreement for the task 1949510186360636416
[2018-08-27 20:00:37.549] [ERROR] Service - no agreement for the task 1949510186360636416
[2018-08-27 20:00:37.549] [ERROR] Service - no agreement for the task 1949510186360636416
[2018-08-27 20:00:37.550] [ERROR] Service - no agreement for the task 1949510186360636416
[2018-08-27 20:00:37.614] [ERROR] Service - no agreement for the task 1949510186360636416
[2018-08-27 20:00:37.614] [ERROR] Service - no agreement for the task 1949510186360636416
[2018-08-27 20:00:37.615] [ERROR] Service - no agreement for the task 1949510186360636416
[2018-08-27 20:00:37.615] [ERROR] Service - no agreement for the task 1949510186360636416
[2018-08-27 20:00:37.616] [ERROR] Service - no agreement for the task 1949510186360636416
[2018-08-27 20:00:37.616] [ERROR] Service - no agreement for the task 1949510186360636416
[2018-08-27 20:00:37.617] [ERROR] Service - no agreement for the task 1949510186360636416
[2018-08-27 20:00:37.617] [ERROR] Service - no agreement for the task 1949510186360636416
[2018-08-27 20:00:37.618] [ERROR] Service - no agreement for the task 1949510186360636416
[2018-08-27 20:00:37.618] [ERROR] Service - no agreement for the task 1949510186360636416
[2018-08-27 20:00:37.618] [ERROR] Service - no agreement for the task 1949510186360636416
[2018-08-27 20:00:37.619] [ERROR] Service - no agreement for the task 1949510186360636416
[2018-08-27 20:00:37.619] [ERROR] Service - no agreement for the task 1949510186360636416
[2018-08-27 20:00:37.620] [ERROR] Service - no agreement for the task 1949510186360636416
[2018-08-27 20:00:37.620] [ERROR] Service - no agreement for the task 1949510186360636416
[2018-08-27 20:00:37.988] [ERROR] Service - no agreement for the task 1949510186360636416
[2018-08-27 21:56:12.228] [ERROR] Query - TypeError: First argument must be a string, Buffer, ArrayBuffer, Array, or array-like object.
    at Function.Buffer.from (buffer.js:183:11)
    at Function.sendTransactionProposal (/home/puweiwang/SCASverify/node_modules/fabric-client/lib/Channel.js:1490:21)
    at Channel.sendTransactionProposal (/home/puweiwang/SCASverify/node_modules/fabric-client/lib/Channel.js:1459:18)
    at Channel.queryByChaincode (/home/puweiwang/SCASverify/node_modules/fabric-client/lib/Channel.js:1738:15)
    at Object.queryChaincode (/home/puweiwang/SCASverify/app/query.js:42:41)
    at <anonymous>
[2018-08-27 21:56:12.228] [ERROR] Service - TypeError: First argument must be a string, Buffer, ArrayBuffer, Array, or array-like object.
[2018-08-27 22:35:40.673] [ERROR] Query - TypeError: First argument must be a string, Buffer, ArrayBuffer, Array, or array-like object.
    at Function.Buffer.from (buffer.js:183:11)
    at Function.sendTransactionProposal (/home/puweiwang/SCASverify/node_modules/fabric-client/lib/Channel.js:1490:21)
    at Channel.sendTransactionProposal (/home/puweiwang/SCASverify/node_modules/fabric-client/lib/Channel.js:1459:18)
    at Channel.queryByChaincode (/home/puweiwang/SCASverify/node_modules/fabric-client/lib/Channel.js:1738:15)
    at Object.queryChaincode (/home/puweiwang/SCASverify/app/query.js:42:41)
    at <anonymous>
[2018-08-27 22:35:40.674] [ERROR] Service - TypeError: First argument must be a string, Buffer, ArrayBuffer, Array, or array-like object.
[2018-08-27 22:36:17.800] [ERROR] Query - TypeError: First argument must be a string, Buffer, ArrayBuffer, Array, or array-like object.
    at Function.Buffer.from (buffer.js:183:11)
    at Function.sendTransactionProposal (/home/puweiwang/SCASverify/node_modules/fabric-client/lib/Channel.js:1490:21)
    at Channel.sendTransactionProposal (/home/puweiwang/SCASverify/node_modules/fabric-client/lib/Channel.js:1459:18)
    at Channel.queryByChaincode (/home/puweiwang/SCASverify/node_modules/fabric-client/lib/Channel.js:1738:15)
    at Object.queryChaincode (/home/puweiwang/SCASverify/app/query.js:42:41)
    at <anonymous>
[2018-08-27 22:36:17.801] [ERROR] Service - TypeError: First argument must be a string, Buffer, ArrayBuffer, Array, or array-like object.
[2018-08-27 22:36:51.878] [ERROR] Query - TypeError: First argument must be a string, Buffer, ArrayBuffer, Array, or array-like object.
    at Function.Buffer.from (buffer.js:183:11)
    at Function.sendTransactionProposal (/home/puweiwang/SCASverify/node_modules/fabric-client/lib/Channel.js:1490:21)
    at Channel.sendTransactionProposal (/home/puweiwang/SCASverify/node_modules/fabric-client/lib/Channel.js:1459:18)
    at Channel.queryByChaincode (/home/puweiwang/SCASverify/node_modules/fabric-client/lib/Channel.js:1738:15)
    at Object.queryChaincode (/home/puweiwang/SCASverify/app/query.js:42:41)
    at <anonymous>
[2018-08-27 22:36:51.878] [ERROR] Service - TypeError: First argument must be a string, Buffer, ArrayBuffer, Array, or array-like object.
[2018-08-27 22:37:18.250] [ERROR] Query - TypeError: First argument must be a string, Buffer, ArrayBuffer, Array, or array-like object.
    at Function.Buffer.from (buffer.js:183:11)
    at Function.sendTransactionProposal (/home/puweiwang/SCASverify/node_modules/fabric-client/lib/Channel.js:1490:21)
    at Channel.sendTransactionProposal (/home/puweiwang/SCASverify/node_modules/fabric-client/lib/Channel.js:1459:18)
    at Channel.queryByChaincode (/home/puweiwang/SCASverify/node_modules/fabric-client/lib/Channel.js:1738:15)
    at Object.queryChaincode (/home/puweiwang/SCASverify/app/query.js:42:41)
    at <anonymous>
[2018-08-27 22:37:18.250] [ERROR] Service - TypeError: First argument must be a string, Buffer, ArrayBuffer, Array, or array-like object.
[2018-08-27 22:38:45.799] [ERROR] Query - TypeError: First argument must be a string, Buffer, ArrayBuffer, Array, or array-like object.
    at Function.Buffer.from (buffer.js:183:11)
    at Function.sendTransactionProposal (/home/puweiwang/SCASverify/node_modules/fabric-client/lib/Channel.js:1490:21)
    at Channel.sendTransactionProposal (/home/puweiwang/SCASverify/node_modules/fabric-client/lib/Channel.js:1459:18)
    at Channel.queryByChaincode (/home/puweiwang/SCASverify/node_modules/fabric-client/lib/Channel.js:1738:15)
    at Object.queryChaincode (/home/puweiwang/SCASverify/app/query.js:42:41)
    at <anonymous>
[2018-08-27 22:38:45.799] [ERROR] Service - TypeError: First argument must be a string, Buffer, ArrayBuffer, Array, or array-like object.
[2018-08-27 22:42:24.753] [ERROR] Query - TypeError: First argument must be a string, Buffer, ArrayBuffer, Array, or array-like object.
    at Function.Buffer.from (buffer.js:183:11)
    at Function.sendTransactionProposal (/home/puweiwang/SCASverify/node_modules/fabric-client/lib/Channel.js:1490:21)
    at Channel.sendTransactionProposal (/home/puweiwang/SCASverify/node_modules/fabric-client/lib/Channel.js:1459:18)
    at Channel.queryByChaincode (/home/puweiwang/SCASverify/node_modules/fabric-client/lib/Channel.js:1738:15)
    at Object.queryChaincode (/home/puweiwang/SCASverify/app/query.js:42:41)
    at <anonymous>
[2018-08-27 22:42:24.754] [ERROR] Service - TypeError: First argument must be a string, Buffer, ArrayBuffer, Array, or array-like object.
[2018-08-27 22:43:14.544] [ERROR] Query - TypeError: First argument must be a string, Buffer, ArrayBuffer, Array, or array-like object.
    at Function.Buffer.from (buffer.js:183:11)
    at Function.sendTransactionProposal (/home/puweiwang/SCASverify/node_modules/fabric-client/lib/Channel.js:1490:21)
    at Channel.sendTransactionProposal (/home/puweiwang/SCASverify/node_modules/fabric-client/lib/Channel.js:1459:18)
    at Channel.queryByChaincode (/home/puweiwang/SCASverify/node_modules/fabric-client/lib/Channel.js:1738:15)
    at Object.queryChaincode (/home/puweiwang/SCASverify/app/query.js:42:41)
    at <anonymous>
[2018-08-27 22:43:14.545] [ERROR] Service - TypeError: First argument must be a string, Buffer, ArrayBuffer, Array, or array-like object.
[2018-08-27 22:44:26.581] [ERROR] Query - TypeError: First argument must be a string, Buffer, ArrayBuffer, Array, or array-like object.
    at Function.Buffer.from (buffer.js:183:11)
    at Function.sendTransactionProposal (/home/puweiwang/SCASverify/node_modules/fabric-client/lib/Channel.js:1490:21)
    at Channel.sendTransactionProposal (/home/puweiwang/SCASverify/node_modules/fabric-client/lib/Channel.js:1459:18)
    at Channel.queryByChaincode (/home/puweiwang/SCASverify/node_modules/fabric-client/lib/Channel.js:1738:15)
    at Object.queryChaincode (/home/puweiwang/SCASverify/app/query.js:42:41)
    at <anonymous>
[2018-08-27 22:44:26.582] [ERROR] Service - TypeError: First argument must be a string, Buffer, ArrayBuffer, Array, or array-like object.
[2018-08-27 23:07:12.189] [ERROR] Query - TypeError: First argument must be a string, Buffer, ArrayBuffer, Array, or array-like object.
    at Function.Buffer.from (buffer.js:183:11)
    at Function.sendTransactionProposal (/home/puweiwang/SCASverify/node_modules/fabric-client/lib/Channel.js:1490:21)
    at Channel.sendTransactionProposal (/home/puweiwang/SCASverify/node_modules/fabric-client/lib/Channel.js:1459:18)
    at Channel.queryByChaincode (/home/puweiwang/SCASverify/node_modules/fabric-client/lib/Channel.js:1738:15)
    at Object.queryChaincode (/home/puweiwang/SCASverify/app/query.js:42:41)
    at <anonymous>
[2018-08-27 23:07:12.189] [ERROR] Service - TypeError: First argument must be a string, Buffer, ArrayBuffer, Array, or array-like object.
