[2018-08-26 14:25:24.934] [ERROR] Query - TypeError: First argument must be a string, Buffer, ArrayBuffer, Array, or array-like object.
    at Function.Buffer.from (buffer.js:183:11)
    at Function.sendTransactionProposal (/home/puweiwang/SCASverify/node_modules/fabric-client/lib/Channel.js:1490:21)
    at Channel.sendTransactionProposal (/home/puweiwang/SCASverify/node_modules/fabric-client/lib/Channel.js:1459:18)
    at Channel.queryByChaincode (/home/puweiwang/SCASverify/node_modules/fabric-client/lib/Channel.js:1738:15)
    at Object.queryChaincode (/home/puweiwang/SCASverify/app/query.js:42:41)
    at <anonymous>
[2018-08-26 14:25:24.935] [ERROR] Service - TypeError: First argument must be a string, Buffer, ArrayBuffer, Array, or array-like object.
[2018-08-26 14:25:26.322] [ERROR] Query - TypeError: First argument must be a string, Buffer, ArrayBuffer, Array, or array-like object.
    at Function.Buffer.from (buffer.js:183:11)
    at Function.sendTransactionProposal (/home/puweiwang/SCASverify/node_modules/fabric-client/lib/Channel.js:1490:21)
    at Channel.sendTransactionProposal (/home/puweiwang/SCASverify/node_modules/fabric-client/lib/Channel.js:1459:18)
    at Channel.queryByChaincode (/home/puweiwang/SCASverify/node_modules/fabric-client/lib/Channel.js:1738:15)
    at Object.queryChaincode (/home/puweiwang/SCASverify/app/query.js:42:41)
    at <anonymous>
[2018-08-26 14:25:26.323] [ERROR] Service - TypeError: First argument must be a string, Buffer, ArrayBuffer, Array, or array-like object.
[2018-08-26 14:26:17.214] [ERROR] Query - TypeError: First argument must be a string, Buffer, ArrayBuffer, Array, or array-like object.
    at Function.Buffer.from (buffer.js:183:11)
    at Function.sendTransactionProposal (/home/puweiwang/SCASverify/node_modules/fabric-client/lib/Channel.js:1490:21)
    at Channel.sendTransactionProposal (/home/puweiwang/SCASverify/node_modules/fabric-client/lib/Channel.js:1459:18)
    at Channel.queryByChaincode (/home/puweiwang/SCASverify/node_modules/fabric-client/lib/Channel.js:1738:15)
    at Object.queryChaincode (/home/puweiwang/SCASverify/app/query.js:42:41)
    at <anonymous>
[2018-08-26 14:26:17.215] [ERROR] Service - TypeError: First argument must be a string, Buffer, ArrayBuffer, Array, or array-like object.
[2018-08-26 14:26:19.084] [ERROR] Query - TypeError: First argument must be a string, Buffer, ArrayBuffer, Array, or array-like object.
    at Function.Buffer.from (buffer.js:183:11)
    at Function.sendTransactionProposal (/home/puweiwang/SCASverify/node_modules/fabric-client/lib/Channel.js:1490:21)
    at Channel.sendTransactionProposal (/home/puweiwang/SCASverify/node_modules/fabric-client/lib/Channel.js:1459:18)
    at Channel.queryByChaincode (/home/puweiwang/SCASverify/node_modules/fabric-client/lib/Channel.js:1738:15)
    at Object.queryChaincode (/home/puweiwang/SCASverify/app/query.js:42:41)
    at <anonymous>
[2018-08-26 14:26:19.085] [ERROR] Service - TypeError: First argument must be a string, Buffer, ArrayBuffer, Array, or array-like object.
[2018-08-26 23:05:52.567] [ERROR] Query - TypeError: First argument must be a string, Buffer, ArrayBuffer, Array, or array-like object.
    at Function.Buffer.from (buffer.js:183:11)
    at Function.sendTransactionProposal (/home/puweiwang/SCASverify/node_modules/fabric-client/lib/Channel.js:1490:21)
    at Channel.sendTransactionProposal (/home/puweiwang/SCASverify/node_modules/fabric-client/lib/Channel.js:1459:18)
    at Channel.queryByChaincode (/home/puweiwang/SCASverify/node_modules/fabric-client/lib/Channel.js:1738:15)
    at Object.queryChaincode (/home/puweiwang/SCASverify/app/query.js:42:41)
    at <anonymous>
[2018-08-26 23:05:52.567] [ERROR] Service - TypeError: First argument must be a string, Buffer, ArrayBuffer, Array, or array-like object.
[2018-08-26 23:07:24.380] [ERROR] Query - TypeError: First argument must be a string, Buffer, ArrayBuffer, Array, or array-like object.
    at Function.Buffer.from (buffer.js:183:11)
    at Function.sendTransactionProposal (/home/puweiwang/SCASverify/node_modules/fabric-client/lib/Channel.js:1490:21)
    at Channel.sendTransactionProposal (/home/puweiwang/SCASverify/node_modules/fabric-client/lib/Channel.js:1459:18)
    at Channel.queryByChaincode (/home/puweiwang/SCASverify/node_modules/fabric-client/lib/Channel.js:1738:15)
    at Object.queryChaincode (/home/puweiwang/SCASverify/app/query.js:42:41)
    at <anonymous>
[2018-08-26 23:07:24.380] [ERROR] Service - TypeError: First argument must be a string, Buffer, ArrayBuffer, Array, or array-like object.
[2018-08-26 23:08:06.384] [ERROR] Query - TypeError: First argument must be a string, Buffer, ArrayBuffer, Array, or array-like object.
    at Function.Buffer.from (buffer.js:183:11)
    at Function.sendTransactionProposal (/home/puweiwang/SCASverify/node_modules/fabric-client/lib/Channel.js:1490:21)
    at Channel.sendTransactionProposal (/home/puweiwang/SCASverify/node_modules/fabric-client/lib/Channel.js:1459:18)
    at Channel.queryByChaincode (/home/puweiwang/SCASverify/node_modules/fabric-client/lib/Channel.js:1738:15)
    at Object.queryChaincode (/home/puweiwang/SCASverify/app/query.js:42:41)
    at <anonymous>
[2018-08-26 23:08:06.385] [ERROR] Service - TypeError: First argument must be a string, Buffer, ArrayBuffer, Array, or array-like object.
[2018-08-26 23:18:46.120] [ERROR] Query - TypeError: First argument must be a string, Buffer, ArrayBuffer, Array, or array-like object.
    at Function.Buffer.from (buffer.js:183:11)
    at Function.sendTransactionProposal (/home/puweiwang/SCASverify/node_modules/fabric-client/lib/Channel.js:1490:21)
    at Channel.sendTransactionProposal (/home/puweiwang/SCASverify/node_modules/fabric-client/lib/Channel.js:1459:18)
    at Channel.queryByChaincode (/home/puweiwang/SCASverify/node_modules/fabric-client/lib/Channel.js:1738:15)
    at Object.queryChaincode (/home/puweiwang/SCASverify/app/query.js:42:41)
    at <anonymous>
[2018-08-26 23:18:46.120] [ERROR] Service - TypeError: First argument must be a string, Buffer, ArrayBuffer, Array, or array-like object.
[2018-08-26 23:20:47.680] [ERROR] Query - TypeError: First argument must be a string, Buffer, ArrayBuffer, Array, or array-like object.
    at Function.Buffer.from (buffer.js:183:11)
    at Function.sendTransactionProposal (/home/puweiwang/SCASverify/node_modules/fabric-client/lib/Channel.js:1490:21)
    at Channel.sendTransactionProposal (/home/puweiwang/SCASverify/node_modules/fabric-client/lib/Channel.js:1459:18)
    at Channel.queryByChaincode (/home/puweiwang/SCASverify/node_modules/fabric-client/lib/Channel.js:1738:15)
    at Object.queryChaincode (/home/puweiwang/SCASverify/app/query.js:42:41)
    at <anonymous>
[2018-08-26 23:20:47.680] [ERROR] Service - TypeError: First argument must be a string, Buffer, ArrayBuffer, Array, or array-like object.
[2018-08-26 23:32:38.059] [ERROR] Query - TypeError: First argument must be a string, Buffer, ArrayBuffer, Array, or array-like object.
    at Function.Buffer.from (buffer.js:183:11)
    at Function.sendTransactionProposal (/home/puweiwang/SCASverify/node_modules/fabric-client/lib/Channel.js:1490:21)
    at Channel.sendTransactionProposal (/home/puweiwang/SCASverify/node_modules/fabric-client/lib/Channel.js:1459:18)
    at Channel.queryByChaincode (/home/puweiwang/SCASverify/node_modules/fabric-client/lib/Channel.js:1738:15)
    at Object.queryChaincode (/home/puweiwang/SCASverify/app/query.js:42:41)
    at <anonymous>
[2018-08-26 23:32:38.059] [ERROR] Service - TypeError: First argument must be a string, Buffer, ArrayBuffer, Array, or array-like object.
