[2018-09-20 12:31:06.206] [ERROR] Service - invoke chaincode proposal was bad
[2018-09-20 12:31:06.206] [ERROR] Service - chaincode error (status: 500, message: no state! task: 1953880072650228737)
[2018-09-20 12:31:06.207] [ERROR] Service - Error: chaincode error (status: 500, message: no state! task: 1953880072650228737)
[2018-09-20 12:31:07.720] [ERROR] Service - invoke chaincode proposal was bad
[2018-09-20 12:31:07.721] [ERROR] Service - chaincode error (status: 500, message: no state! task: 1953880072650228737)
[2018-09-20 12:31:07.721] [ERROR] Service - Error: chaincode error (status: 500, message: no state! task: 1953880072650228737)
[2018-09-20 12:31:10.896] [ERROR] Service - invoke chaincode proposal was bad
[2018-09-20 12:31:10.896] [ERROR] Service - chaincode error (status: 500, message: no state! task: 1953880072667005952)
[2018-09-20 12:31:10.897] [ERROR] Service - Error: chaincode error (status: 500, message: no state! task: 1953880072667005952)
[2018-09-20 12:31:13.969] [ERROR] Service - invoke chaincode proposal was bad
[2018-09-20 12:31:13.969] [ERROR] Service - chaincode error (status: 500, message: no state! task: 1953880072650228736)
[2018-09-20 12:31:13.969] [ERROR] Service - Error: chaincode error (status: 500, message: no state! task: 1953880072650228736)
[2018-09-20 14:52:27.290] [ERROR] Service - TypeError: First argument must be a string, Buffer, ArrayBuffer, Array, or array-like object.
    at Function.Buffer.from (buffer.js:183:11)
    at Function.sendTransactionProposal (/home/puweiwang/SCASverify/node_modules/fabric-client/lib/Channel.js:1490:21)
    at Channel.sendTransactionProposal (/home/puweiwang/SCASverify/node_modules/fabric-client/lib/Channel.js:1459:18)
    at invokeChaincode (/home/puweiwang/SCASverify/app/service/service.js:319:31)
    at <anonymous>
[2018-09-20 14:52:27.290] [ERROR] Service - TypeError: First argument must be a string, Buffer, ArrayBuffer, Array, or array-like object.
[2018-09-20 14:52:27.290] [ERROR] Service - Error: TypeError: First argument must be a string, Buffer, ArrayBuffer, Array, or array-like object.
[2018-09-20 14:52:27.313] [ERROR] Service - TypeError: First argument must be a string, Buffer, ArrayBuffer, Array, or array-like object.
    at Function.Buffer.from (buffer.js:183:11)
    at Function.sendTransactionProposal (/home/puweiwang/SCASverify/node_modules/fabric-client/lib/Channel.js:1490:21)
    at Channel.sendTransactionProposal (/home/puweiwang/SCASverify/node_modules/fabric-client/lib/Channel.js:1459:18)
    at invokeChaincode (/home/puweiwang/SCASverify/app/service/service.js:319:31)
    at <anonymous>
[2018-09-20 14:52:27.313] [ERROR] Service - TypeError: First argument must be a string, Buffer, ArrayBuffer, Array, or array-like object.
[2018-09-20 14:52:27.313] [ERROR] Service - Error: TypeError: First argument must be a string, Buffer, ArrayBuffer, Array, or array-like object.
[2018-09-20 14:52:27.334] [ERROR] Service - TypeError: First argument must be a string, Buffer, ArrayBuffer, Array, or array-like object.
    at Function.Buffer.from (buffer.js:183:11)
    at Function.sendTransactionProposal (/home/puweiwang/SCASverify/node_modules/fabric-client/lib/Channel.js:1490:21)
    at Channel.sendTransactionProposal (/home/puweiwang/SCASverify/node_modules/fabric-client/lib/Channel.js:1459:18)
    at invokeChaincode (/home/puweiwang/SCASverify/app/service/service.js:319:31)
    at <anonymous>
[2018-09-20 14:52:27.334] [ERROR] Service - TypeError: First argument must be a string, Buffer, ArrayBuffer, Array, or array-like object.
[2018-09-20 14:52:27.334] [ERROR] Service - Error: TypeError: First argument must be a string, Buffer, ArrayBuffer, Array, or array-like object.
[2018-09-20 14:52:27.465] [ERROR] Service - TypeError: First argument must be a string, Buffer, ArrayBuffer, Array, or array-like object.
    at Function.Buffer.from (buffer.js:183:11)
    at Function.sendTransactionProposal (/home/puweiwang/SCASverify/node_modules/fabric-client/lib/Channel.js:1490:21)
    at Channel.sendTransactionProposal (/home/puweiwang/SCASverify/node_modules/fabric-client/lib/Channel.js:1459:18)
    at invokeChaincode (/home/puweiwang/SCASverify/app/service/service.js:319:31)
    at <anonymous>
[2018-09-20 14:52:27.465] [ERROR] Service - TypeError: First argument must be a string, Buffer, ArrayBuffer, Array, or array-like object.
[2018-09-20 14:52:27.465] [ERROR] Service - Error: TypeError: First argument must be a string, Buffer, ArrayBuffer, Array, or array-like object.
[2018-09-20 16:13:05.623] [ERROR] Service - TypeError: First argument must be a string, Buffer, ArrayBuffer, Array, or array-like object.
    at Function.Buffer.from (buffer.js:183:11)
    at Function.sendTransactionProposal (/home/puweiwang/SCASverify/node_modules/fabric-client/lib/Channel.js:1490:21)
    at Channel.sendTransactionProposal (/home/puweiwang/SCASverify/node_modules/fabric-client/lib/Channel.js:1459:18)
    at invokeChaincode (/home/puweiwang/SCASverify/app/service/service.js:319:31)
    at <anonymous>
[2018-09-20 16:13:05.623] [ERROR] Service - TypeError: First argument must be a string, Buffer, ArrayBuffer, Array, or array-like object.
[2018-09-20 16:13:05.623] [ERROR] Service - Error: TypeError: First argument must be a string, Buffer, ArrayBuffer, Array, or array-like object.
[2018-09-20 17:18:10.655] [ERROR] Service - invoke chaincode proposal was bad
[2018-09-20 17:18:10.656] [ERROR] Service - chaincode error (status: 500, message: no state! task: 1936380814648935426)
[2018-09-20 17:18:10.656] [ERROR] Service - Error: chaincode error (status: 500, message: no state! task: 1936380814648935426)
