[2018-10-08 22:52:59.123] [ERROR] Service - TypeError: First argument must be a string, Buffer, ArrayBuffer, Array, or array-like object.
    at Function.Buffer.from (buffer.js:183:11)
    at Function.sendTransactionProposal (/home/puweiwang/SCASverify/node_modules/fabric-client/lib/Channel.js:1490:21)
    at Channel.sendTransactionProposal (/home/puweiwang/SCASverify/node_modules/fabric-client/lib/Channel.js:1459:18)
    at invokeChaincode (/home/puweiwang/SCASverify/app/service/service.js:319:31)
    at <anonymous>
[2018-10-08 22:52:59.125] [ERROR] Service - TypeError: First argument must be a string, Buffer, ArrayBuffer, Array, or array-like object.
[2018-10-08 22:52:59.125] [ERROR] Service - Error: TypeError: First argument must be a string, Buffer, ArrayBuffer, Array, or array-like object.
[2018-10-08 22:52:59.537] [ERROR] Service - TypeError: First argument must be a string, Buffer, ArrayBuffer, Array, or array-like object.
    at Function.Buffer.from (buffer.js:183:11)
    at Function.sendTransactionProposal (/home/puweiwang/SCASverify/node_modules/fabric-client/lib/Channel.js:1490:21)
    at Channel.sendTransactionProposal (/home/puweiwang/SCASverify/node_modules/fabric-client/lib/Channel.js:1459:18)
    at invokeChaincode (/home/puweiwang/SCASverify/app/service/service.js:319:31)
    at <anonymous>
[2018-10-08 22:52:59.537] [ERROR] Service - TypeError: First argument must be a string, Buffer, ArrayBuffer, Array, or array-like object.
[2018-10-08 22:52:59.537] [ERROR] Service - Error: TypeError: First argument must be a string, Buffer, ArrayBuffer, Array, or array-like object.
[2018-10-08 22:52:59.844] [ERROR] Service - TypeError: First argument must be a string, Buffer, ArrayBuffer, Array, or array-like object.
    at Function.Buffer.from (buffer.js:183:11)
    at Function.sendTransactionProposal (/home/puweiwang/SCASverify/node_modules/fabric-client/lib/Channel.js:1490:21)
    at Channel.sendTransactionProposal (/home/puweiwang/SCASverify/node_modules/fabric-client/lib/Channel.js:1459:18)
    at invokeChaincode (/home/puweiwang/SCASverify/app/service/service.js:319:31)
    at <anonymous>
[2018-10-08 22:52:59.844] [ERROR] Service - TypeError: First argument must be a string, Buffer, ArrayBuffer, Array, or array-like object.
[2018-10-08 22:52:59.844] [ERROR] Service - Error: TypeError: First argument must be a string, Buffer, ArrayBuffer, Array, or array-like object.
[2018-10-08 22:53:00.250] [ERROR] Service - TypeError: First argument must be a string, Buffer, ArrayBuffer, Array, or array-like object.
    at Function.Buffer.from (buffer.js:183:11)
    at Function.sendTransactionProposal (/home/puweiwang/SCASverify/node_modules/fabric-client/lib/Channel.js:1490:21)
    at Channel.sendTransactionProposal (/home/puweiwang/SCASverify/node_modules/fabric-client/lib/Channel.js:1459:18)
    at invokeChaincode (/home/puweiwang/SCASverify/app/service/service.js:319:31)
    at <anonymous>
[2018-10-08 22:53:00.251] [ERROR] Service - TypeError: First argument must be a string, Buffer, ArrayBuffer, Array, or array-like object.
[2018-10-08 22:53:00.251] [ERROR] Service - Error: TypeError: First argument must be a string, Buffer, ArrayBuffer, Array, or array-like object.
